<?xml version="1.0" encoding="UTF-8"?>
<testsuite name="I as browser in the web" tests="1" skipped="0" failures="0" errors="0" timestamp="2022-10-21T21:27:06" hostname="HNBNL1004AMZ" time="46.603">
  <properties/>
  <testcase name="Successful search" classname="I as browser in the web" time="46.603"/>
  <system-out><![CDATA[]]></system-out>
  <system-err><![CDATA[Starting ChromeDriver 106.0.5249.61 (511755355844955cd3e264779baf0dd38212a4d0-refs/branch-heads/5249@{#569}) on port 65451
Only local connections are allowed.
Please see https://chromedriver.chromium.org/security-considerations for suggestions on keeping ChromeDriver safe.
ChromeDriver was started successfully.
oct. 21, 2022 4:27:08 P. M. org.openqa.selenium.remote.ProtocolHandshake createSession
INFO: Detected upstream dialect: W3C
oct. 21, 2022 4:27:08 P. M. org.openqa.selenium.devtools.CdpVersionFinder findNearestMatch
WARNING: Unable to find an exact match for CDP version 106, so returning the closest version found: 103
oct. 21, 2022 4:27:08 P. M. org.openqa.selenium.devtools.CdpVersionFinder findNearestMatch
INFO: Found CDP implementation for version 106 of 103
]]></system-err>
</testsuite>
